2021-10-16 20:44:01 Error: [PDOException] SQLSTATE[HY000] [1045] Access denied for user 'my_app'@'localhost' (using password: YES) in C:\laragon\www\crudcakephplabo3\vendor\cakephp\cakephp\src\Database\Driver.php on line 93
Stack Trace:
#0 C:\laragon\www\crudcakephplabo3\vendor\cakephp\cakephp\src\Database\Driver.php(93): PDO->__construct('mysql:host=loca...', 'my_app', 'secret', Array)
#1 C:\laragon\www\crudcakephplabo3\vendor\cakephp\cakephp\src\Database\Driver\Mysql.php(105): Cake\Database\Driver->_connect('mysql:host=loca...', Array)
#2 C:\laragon\www\crudcakephplabo3\vendor\cakephp\cakephp\src\Database\Schema\BaseSchema.php(44): Cake\Database\Driver\Mysql->connect()
#3 C:\laragon\www\crudcakephplabo3\vendor\cakephp\cakephp\src\Database\Dialect\MysqlDialectTrait.php(62): Cake\Database\Schema\BaseSchema->__construct(Object(Cake\Database\Driver\Mysql))
#4 C:\laragon\www\crudcakephplabo3\vendor\cakephp\cakephp\src\Database\Schema\Collection.php(51): Cake\Database\Driver\Mysql->schemaDialect()
#5 C:\laragon\www\crudcakephplabo3\vendor\cakephp\cakephp\src\Database\Schema\CachedCollection.php(41): Cake\Database\Schema\Collection->__construct(Object(Cake\Database\Connection))
#6 C:\laragon\www\crudcakephplabo3\vendor\cakephp\cakephp\src\Database\Connection.php(399): Cake\Database\Schema\CachedCollection->__construct(Object(Cake\Database\Connection), true)
#7 C:\laragon\www\crudcakephplabo3\vendor\cakephp\cakephp\src\ORM\Table.php(565): Cake\Database\Connection->getSchemaCollection()
#8 C:\laragon\www\crudcakephplabo3\vendor\cakephp\cakephp\src\ORM\Table.php(691): Cake\ORM\Table->getSchema()
#9 C:\laragon\www\crudcakephplabo3\vendor\cakephp\bake\src\Shell\Task\TemplateTask.php(288): Cake\ORM\Table->getPrimaryKey()
#10 C:\laragon\www\crudcakephplabo3\vendor\cakephp\bake\src\Shell\Task\TemplateTask.php(142): Bake\Shell\Task\TemplateTask->_loadController()
#11 C:\laragon\www\crudcakephplabo3\vendor\cakephp\cakephp\src\Console\Shell.php(531): Bake\Shell\Task\TemplateTask->main('categories')
#12 C:\laragon\www\crudcakephplabo3\vendor\cakephp\cakephp\src\Console\Shell.php(524): Cake\Console\Shell->runCommand(Array, false, Array)
#13 C:\laragon\www\crudcakephplabo3\vendor\cakephp\cakephp\src\Console\CommandRunner.php(384): Cake\Console\Shell->runCommand(Array, true)
#14 C:\laragon\www\crudcakephplabo3\vendor\cakephp\cakephp\src\Console\CommandRunner.php(162): Cake\Console\CommandRunner->runShell(Object(Bake\Shell\BakeShell), Array)
#15 C:\laragon\www\crudcakephplabo3\bin\cake.php(12): Cake\Console\CommandRunner->run(Array)
#16 {main}


2021-10-16 20:44:58 Error: [PDOException] SQLSTATE[HY000] [1045] Access denied for user 'my_app'@'localhost' (using password: YES) in C:\laragon\www\crudcakephplabo3\vendor\cakephp\cakephp\src\Database\Driver.php on line 93
Stack Trace:
#0 C:\laragon\www\crudcakephplabo3\vendor\cakephp\cakephp\src\Database\Driver.php(93): PDO->__construct('mysql:host=loca...', 'my_app', 'secret', Array)
#1 C:\laragon\www\crudcakephplabo3\vendor\cakephp\cakephp\src\Database\Driver\Mysql.php(105): Cake\Database\Driver->_connect('mysql:host=loca...', Array)
#2 C:\laragon\www\crudcakephplabo3\vendor\cakephp\cakephp\src\Database\Schema\BaseSchema.php(44): Cake\Database\Driver\Mysql->connect()
#3 C:\laragon\www\crudcakephplabo3\vendor\cakephp\cakephp\src\Database\Dialect\MysqlDialectTrait.php(62): Cake\Database\Schema\BaseSchema->__construct(Object(Cake\Database\Driver\Mysql))
#4 C:\laragon\www\crudcakephplabo3\vendor\cakephp\cakephp\src\Database\Schema\Collection.php(51): Cake\Database\Driver\Mysql->schemaDialect()
#5 C:\laragon\www\crudcakephplabo3\vendor\cakephp\cakephp\src\Database\Schema\CachedCollection.php(41): Cake\Database\Schema\Collection->__construct(Object(Cake\Database\Connection))
#6 C:\laragon\www\crudcakephplabo3\vendor\cakephp\cakephp\src\Database\Connection.php(399): Cake\Database\Schema\CachedCollection->__construct(Object(Cake\Database\Connection), true)
#7 C:\laragon\www\crudcakephplabo3\vendor\cakephp\cakephp\src\ORM\Table.php(565): Cake\Database\Connection->getSchemaCollection()
#8 C:\laragon\www\crudcakephplabo3\vendor\cakephp\cakephp\src\ORM\Table.php(691): Cake\ORM\Table->getSchema()
#9 C:\laragon\www\crudcakephplabo3\vendor\cakephp\bake\src\Shell\Task\TemplateTask.php(288): Cake\ORM\Table->getPrimaryKey()
#10 C:\laragon\www\crudcakephplabo3\vendor\cakephp\bake\src\Shell\Task\TemplateTask.php(142): Bake\Shell\Task\TemplateTask->_loadController()
#11 C:\laragon\www\crudcakephplabo3\vendor\cakephp\cakephp\src\Console\Shell.php(531): Bake\Shell\Task\TemplateTask->main('categories')
#12 C:\laragon\www\crudcakephplabo3\vendor\cakephp\cakephp\src\Console\Shell.php(524): Cake\Console\Shell->runCommand(Array, false, Array)
#13 C:\laragon\www\crudcakephplabo3\vendor\cakephp\cakephp\src\Console\CommandRunner.php(384): Cake\Console\Shell->runCommand(Array, true)
#14 C:\laragon\www\crudcakephplabo3\vendor\cakephp\cakephp\src\Console\CommandRunner.php(162): Cake\Console\CommandRunner->runShell(Object(Bake\Shell\BakeShell), Array)
#15 C:\laragon\www\crudcakephplabo3\bin\cake.php(12): Cake\Console\CommandRunner->run(Array)
#16 {main}


2021-10-17 00:34:48 Error: [PDOException] SQLSTATE[HY000] [2002] No se puede establecer una conexión ya que el equipo de destino denegó expresamente dicha conexión.
 in C:\laragon\www\crudcakephplabo3\vendor\cakephp\cakephp\src\Database\Driver.php on line 93
Stack Trace:
#0 C:\laragon\www\crudcakephplabo3\vendor\cakephp\cakephp\src\Database\Driver.php(93): PDO->__construct('mysql:host=loca...', 'root', '', Array)
#1 C:\laragon\www\crudcakephplabo3\vendor\cakephp\cakephp\src\Database\Driver\Mysql.php(105): Cake\Database\Driver->_connect('mysql:host=loca...', Array)
#2 C:\laragon\www\crudcakephplabo3\vendor\cakephp\cakephp\src\Database\Schema\BaseSchema.php(44): Cake\Database\Driver\Mysql->connect()
#3 C:\laragon\www\crudcakephplabo3\vendor\cakephp\cakephp\src\Database\Dialect\MysqlDialectTrait.php(62): Cake\Database\Schema\BaseSchema->__construct(Object(Cake\Database\Driver\Mysql))
#4 C:\laragon\www\crudcakephplabo3\vendor\cakephp\cakephp\src\Database\Schema\Collection.php(51): Cake\Database\Driver\Mysql->schemaDialect()
#5 C:\laragon\www\crudcakephplabo3\vendor\cakephp\cakephp\src\Database\Schema\CachedCollection.php(41): Cake\Database\Schema\Collection->__construct(Object(Cake\Database\Connection))
#6 C:\laragon\www\crudcakephplabo3\vendor\cakephp\cakephp\src\Database\Connection.php(399): Cake\Database\Schema\CachedCollection->__construct(Object(Cake\Database\Connection), true)
#7 C:\laragon\www\crudcakephplabo3\vendor\cakephp\cakephp\src\ORM\Table.php(565): Cake\Database\Connection->getSchemaCollection()
#8 C:\laragon\www\crudcakephplabo3\vendor\cakephp\cakephp\src\ORM\Table.php(691): Cake\ORM\Table->getSchema()
#9 C:\laragon\www\crudcakephplabo3\vendor\cakephp\bake\src\Shell\Task\TemplateTask.php(288): Cake\ORM\Table->getPrimaryKey()
#10 C:\laragon\www\crudcakephplabo3\vendor\cakephp\bake\src\Shell\Task\TemplateTask.php(142): Bake\Shell\Task\TemplateTask->_loadController()
#11 C:\laragon\www\crudcakephplabo3\vendor\cakephp\cakephp\src\Console\Shell.php(531): Bake\Shell\Task\TemplateTask->main('providers')
#12 C:\laragon\www\crudcakephplabo3\vendor\cakephp\cakephp\src\Console\Shell.php(524): Cake\Console\Shell->runCommand(Array, false, Array)
#13 C:\laragon\www\crudcakephplabo3\vendor\cakephp\cakephp\src\Console\CommandRunner.php(384): Cake\Console\Shell->runCommand(Array, true)
#14 C:\laragon\www\crudcakephplabo3\vendor\cakephp\cakephp\src\Console\CommandRunner.php(162): Cake\Console\CommandRunner->runShell(Object(Bake\Shell\BakeShell), Array)
#15 C:\laragon\www\crudcakephplabo3\bin\cake.php(12): Cake\Console\CommandRunner->run(Array)
#16 {main}


